This file contains any messages produced by compilers while
running configure, to aid debugging if configure makes a mistake.

It was created by libffi configure 3.4.8, which was
generated by GNU Autoconf 2.71.  Invocation command line was

  $ /Users/vaishnav/Desktop/WallPics/vendor/bundle/ruby/2.7.0/gems/ffi-1.17.2/ext/ffi_c/libffi/configure --disable-shared --enable-static --with-pic=yes --disable-dependency-tracking --disable-docs --host=aarch64-apple-darwin22 --disable-shared --enable-static

## --------- ##
## Platform. ##
## --------- ##

hostname = Vaishnavs-MacBook-Air.local
uname -m = arm64
uname -r = 25.0.0
uname -s = Darwin
uname -v = Darwin Kernel Version 25.0.0: Wed Aug 27 20:23:59 PDT 2025; root:xnu-12377.1.9~17/RELEASE_ARM64_T8103

/usr/bin/uname -p = arm
/bin/uname -X     = unknown

/bin/arch              = unknown
/usr/bin/arch -k       = unknown
/usr/convex/getsysinfo = unknown
/usr/bin/hostinfo      = Mach kernel version:
	 Darwin Kernel Version 25.0.0: Wed Aug 27 20:23:59 PDT 2025; root:xnu-12377.1.9~17/RELEASE_ARM64_T8103
Kernel configured for up to 8 processors.
8 processors are physically available.
8 processors are logically available.
Processor type: arm64e (ARM64E)
Processors active: 0 1 2 3 4 5 6 7
Primary memory available: 8.00 gigabytes
Default processor set: 431 tasks, 3012 threads, 8 processors
Load average: 5.63, Mach factor: 3.29
/bin/machine           = unknown
/usr/bin/oslevel       = unknown
/bin/universe          = unknown

PATH: /Users/vaishnav/.npm/_npx/2788f5fbd47acb89/node_modules/.bin/
PATH: /Users/vaishnav/Desktop/node_modules/.bin/
PATH: /Users/vaishnav/node_modules/.bin/
PATH: /Users/node_modules/.bin/
PATH: /node_modules/.bin/
PATH: /Users/vaishnav/.nvm/versions/node/v22.21.1/lib/node_modules/npm/node_modules/@npmcli/run-script/lib/node-gyp-bin/
PATH: /Users/vaishnav/.rvm/gems/ruby-2.7.5/bin/
PATH: /Users/vaishnav/.rvm/gems/ruby-2.7.5@global/bin/
PATH: /Users/vaishnav/.rvm/rubies/ruby-2.7.5/bin/
PATH: /opt/homebrew/Cellar/openjdk@17/17.0.15/libexec/openjdk.jdk/Contents/Home/bin/
PATH: /Users/vaishnav/.nvm/versions/node/v22.21.1/bin/
PATH: /opt/homebrew/Caskroom/miniforge/base/bin/
PATH: /opt/homebrew/Caskroom/miniforge/base/condabin/
PATH: /Library/Frameworks/Python.framework/Versions/3.12/bin/
PATH: /Library/Frameworks/Python.framework/Versions/3.10/bin/
PATH: /Library/Frameworks/Python.framework/Versions/3.9/bin/
PATH: /opt/homebrew/bin/
PATH: /opt/homebrew/sbin/
PATH: /usr/local/bin/
PATH: /System/Cryptexes/App/usr/bin/
PATH: /usr/bin/
PATH: /bin/
PATH: /usr/sbin/
PATH: /sbin/
PATH: /var/run/com.apple.security.cryptexd/codex.system/bootstrap/usr/local/bin/
PATH: /var/run/com.apple.security.cryptexd/codex.system/bootstrap/usr/bin/
PATH: /var/run/com.apple.security.cryptexd/codex.system/bootstrap/usr/appleinternal/bin/
PATH: /opt/X11/bin/
PATH: /Library/Apple/usr/bin/
PATH: /Library/TeX/texbin/
PATH: /Users/vaishnav/flutter/bin/
PATH: /Users/vaishnav/Library/Android/sdk/emulator/
PATH: /Users/vaishnav/Library/Android/sdk/platform-tools/
PATH: /Users/vaishnav/.rvm/bin/
PATH: /Users/vaishnav/Library/Android/sdk/emulator/
PATH: /Users/vaishnav/Library/Android/sdk/platform-tools/


## ----------- ##
## Core tests. ##
## ----------- ##

configure:3016: looking for aux files: ltmain.sh compile missing install-sh config.guess config.sub
configure:3029:  trying /Users/vaishnav/Desktop/WallPics/vendor/bundle/ruby/2.7.0/gems/ffi-1.17.2/ext/ffi_c/libffi/
configure:3058:   /Users/vaishnav/Desktop/WallPics/vendor/bundle/ruby/2.7.0/gems/ffi-1.17.2/ext/ffi_c/libffi/ltmain.sh found
configure:3058:   /Users/vaishnav/Desktop/WallPics/vendor/bundle/ruby/2.7.0/gems/ffi-1.17.2/ext/ffi_c/libffi/compile found
configure:3058:   /Users/vaishnav/Desktop/WallPics/vendor/bundle/ruby/2.7.0/gems/ffi-1.17.2/ext/ffi_c/libffi/missing found
configure:3040:   /Users/vaishnav/Desktop/WallPics/vendor/bundle/ruby/2.7.0/gems/ffi-1.17.2/ext/ffi_c/libffi/install-sh found
configure:3058:   /Users/vaishnav/Desktop/WallPics/vendor/bundle/ruby/2.7.0/gems/ffi-1.17.2/ext/ffi_c/libffi/config.guess found
configure:3058:   /Users/vaishnav/Desktop/WallPics/vendor/bundle/ruby/2.7.0/gems/ffi-1.17.2/ext/ffi_c/libffi/config.sub found
configure:3179: checking build system type
configure:3194: result: aarch64-apple-darwin25.0.0
configure:3214: checking host system type
configure:3228: result: aarch64-apple-darwin22
configure:3248: checking target system type
configure:3262: result: aarch64-apple-darwin22
configure:3360: checking for gsed
configure:3396: result: sed
configure:3425: checking for a BSD-compatible install
configure:3498: result: /opt/homebrew/bin/ginstall -c
configure:3509: checking whether build environment is sane
configure:3564: result: yes
configure:3616: checking for aarch64-apple-darwin22-strip
configure:3651: result: no
configure:3661: checking for strip
configure:3682: found /usr/bin/strip
configure:3693: result: strip
configure:3719: checking for a race-free mkdir -p
configure:3763: result: /opt/homebrew/bin/gmkdir -p
configure:3770: checking for gawk
configure:3805: result: no
configure:3770: checking for mawk
configure:3805: result: no
configure:3770: checking for nawk
configure:3805: result: no
configure:3770: checking for awk
configure:3791: found /usr/bin/awk
configure:3802: result: awk
configure:3813: checking whether make sets $(MAKE)
configure:3836: result: yes
configure:3866: checking whether make supports nested variables
configure:3884: result: yes
configure:4048: checking for aarch64-apple-darwin22-gcc
configure:4080: result: gcc
configure:4478: checking for C compiler version
configure:4487: gcc --version >&5
Apple clang version 14.0.3 (clang-1403.0.22.14.1)
Target: arm64-apple-darwin25.0.0
Thread model: posix
InstalledDir: /Library/Developer/CommandLineTools/usr/bin
configure:4498: $? = 0
configure:4487: gcc -v >&5
Apple clang version 14.0.3 (clang-1403.0.22.14.1)
Target: arm64-apple-darwin25.0.0
Thread model: posix
InstalledDir: /Library/Developer/CommandLineTools/usr/bin
configure:4498: $? = 0
configure:4487: gcc -V >&5
clang: error: argument to '-V' is missing (expected 1 value)
clang: error: no input files
configure:4498: $? = 1
configure:4487: gcc -qversion >&5
clang: error: unknown argument '-qversion'; did you mean '--version'?
clang: error: no input files
configure:4498: $? = 1
configure:4487: gcc -version >&5
clang: error: unknown argument '-version'; did you mean '--version'?
clang: error: no input files
configure:4498: $? = 1
configure:4518: checking whether the C compiler works
configure:4540: gcc    conftest.c  >&5
configure:4544: $? = 0
configure:4594: result: yes
configure:4597: checking for C compiler default output file name
configure:4599: result: a.out
configure:4605: checking for suffix of executables
configure:4612: gcc -o conftest    conftest.c  >&5
configure:4616: $? = 0
configure:4639: result: 
configure:4661: checking whether we are cross compiling
configure:4669: gcc -o conftest    conftest.c  >&5
configure:4673: $? = 0
configure:4680: ./conftest
configure:4684: $? = 0
configure:4699: result: no
configure:4704: checking for suffix of object files
configure:4727: gcc -c   conftest.c >&5
configure:4731: $? = 0
configure:4753: result: o
configure:4757: checking whether the compiler supports GNU C
configure:4777: gcc -c   conftest.c >&5
configure:4777: $? = 0
configure:4787: result: yes
configure:4798: checking whether gcc accepts -g
configure:4819: gcc -c -g  conftest.c >&5
configure:4819: $? = 0
configure:4863: result: yes
configure:4883: checking for gcc option to enable C11 features
configure:4898: gcc  -c   conftest.c >&5
conftest.c:25:14: warning: a function declaration without a prototype is deprecated in all versions of C and is not supported in C2x [-Wdeprecated-non-prototype]
static char *e (p, i)
             ^
1 warning generated.
configure:4898: $? = 0
configure:4916: result: none needed
configure:5032: checking whether gcc understands -c and -o together
configure:5055: gcc -c conftest.c -o conftest2.o
configure:5058: $? = 0
configure:5055: gcc -c conftest.c -o conftest2.o
configure:5058: $? = 0
configure:5070: result: yes
configure:5090: checking whether make supports the include directive
configure:5105: make -f confmf.GNU && cat confinc.out
this is the am__doit target
configure:5108: $? = 0
configure:5127: result: yes (GNU style)
configure:5153: checking dependency style of gcc
configure:5265: result: none
configure:5300: checking for aarch64-apple-darwin22-g++
configure:5335: result: no
configure:5300: checking for aarch64-apple-darwin22-c++
configure:5335: result: no
configure:5300: checking for aarch64-apple-darwin22-gpp
configure:5335: result: no
configure:5300: checking for aarch64-apple-darwin22-aCC
configure:5335: result: no
configure:5300: checking for aarch64-apple-darwin22-CC
configure:5335: result: no
configure:5300: checking for aarch64-apple-darwin22-cxx
configure:5335: result: no
configure:5300: checking for aarch64-apple-darwin22-cc++
configure:5335: result: no
configure:5300: checking for aarch64-apple-darwin22-cl.exe
configure:5335: result: no
configure:5300: checking for aarch64-apple-darwin22-FCC
configure:5335: result: no
configure:5300: checking for aarch64-apple-darwin22-KCC
configure:5335: result: no
configure:5300: checking for aarch64-apple-darwin22-RCC
configure:5335: result: no
configure:5300: checking for aarch64-apple-darwin22-xlC_r
configure:5335: result: no
configure:5300: checking for aarch64-apple-darwin22-xlC
configure:5335: result: no
configure:5300: checking for aarch64-apple-darwin22-clang++
configure:5335: result: no
configure:5349: checking for g++
configure:5370: found /usr/bin/g++
configure:5381: result: g++
configure:5408: checking for C++ compiler version
configure:5417: g++ --version >&5
Apple clang version 14.0.3 (clang-1403.0.22.14.1)
Target: arm64-apple-darwin25.0.0
Thread model: posix
InstalledDir: /Library/Developer/CommandLineTools/usr/bin
configure:5428: $? = 0
configure:5417: g++ -v >&5
Apple clang version 14.0.3 (clang-1403.0.22.14.1)
Target: arm64-apple-darwin25.0.0
Thread model: posix
InstalledDir: /Library/Developer/CommandLineTools/usr/bin
configure:5428: $? = 0
configure:5417: g++ -V >&5
clang: error: argument to '-V' is missing (expected 1 value)
clang: error: no input files
configure:5428: $? = 1
configure:5417: g++ -qversion >&5
clang: error: unknown argument '-qversion'; did you mean '--version'?
clang: error: no input files
configure:5428: $? = 1
configure:5432: checking whether the compiler supports GNU C++
configure:5452: g++ -c   conftest.cpp >&5
configure:5452: $? = 0
configure:5462: result: yes
configure:5473: checking whether g++ accepts -g
configure:5494: g++ -c -g  conftest.cpp >&5
configure:5494: $? = 0
configure:5538: result: yes
configure:5558: checking for g++ option to enable C++11 features
configure:5573: g++  -c -g -O2  conftest.cpp >&5
conftest.cpp:57:3: error: "Compiler does not advertise C++11 conformance"
# error "Compiler does not advertise C++11 conformance"
  ^
conftest.cpp:62:3: error: unknown type name 'constexpr'
  constexpr int get_val() { return 20; }
  ^
conftest.cpp:74:17: error: delegating constructors are permitted only in C++11
    delegate(): delegate(2354) {}
                ^~~~~~~~
conftest.cpp:85:26: warning: 'override' keyword is a C++11 extension [-Wc++11-extensions]
    virtual int getval() override final { return this->n * 2; }
                         ^
conftest.cpp:85:35: warning: 'final' keyword is a C++11 extension [-Wc++11-extensions]
    virtual int getval() override final { return this->n * 2; }
                                  ^
conftest.cpp:92:16: warning: defaulted function definitions are a C++11 extension [-Wc++11-extensions]
    nocopy() = default;
               ^
conftest.cpp:93:29: warning: deleted function definitions are a C++11 extension [-Wc++11-extensions]
    nocopy(const nocopy&) = delete;
                            ^
conftest.cpp:94:41: warning: deleted function definitions are a C++11 extension [-Wc++11-extensions]
    nocopy & operator=(const nocopy&) = delete;
                                        ^
conftest.cpp:106:25: warning: 'auto' type specifier is a C++11 extension [-Wc++11-extensions]
  template <typename V> auto sum(V first) -> V
                        ^
conftest.cpp:106:25: error: 'auto' not allowed in function return type
  template <typename V> auto sum(V first) -> V
                        ^~~~
conftest.cpp:106:42: error: expected ';' at end of declaration
  template <typename V> auto sum(V first) -> V
                                         ^
                                         ;
conftest.cpp:106:43: error: cannot use arrow operator on a type
  template <typename V> auto sum(V first) -> V
                                          ^
conftest.cpp:110:33: warning: variadic templates are a C++11 extension [-Wc++11-extensions]
  template <typename V, typename... Args> auto sum(V first, Args... rest) -> V
                                ^
conftest.cpp:110:43: warning: 'auto' type specifier is a C++11 extension [-Wc++11-extensions]
  template <typename V, typename... Args> auto sum(V first, Args... rest) -> V
                                          ^
conftest.cpp:110:43: error: 'auto' not allowed in function return type
  template <typename V, typename... Args> auto sum(V first, Args... rest) -> V
                                          ^~~~
conftest.cpp:110:74: error: expected ';' at end of declaration
  template <typename V, typename... Args> auto sum(V first, Args... rest) -> V
                                                                         ^
                                                                         ;
conftest.cpp:110:75: error: cannot use arrow operator on a type
  template <typename V, typename... Args> auto sum(V first, Args... rest) -> V
                                                                          ^
conftest.cpp:134:3: warning: 'auto' type specifier is a C++11 extension [-Wc++11-extensions]
  auto a1 = 6538;
  ^
conftest.cpp:135:3: warning: 'auto' type specifier is a C++11 extension [-Wc++11-extensions]
  auto a2 = 48573953.4;
  ^
conftest.cpp:136:3: warning: 'auto' type specifier is a C++11 extension [-Wc++11-extensions]
  auto a3 = "String literal";
  ^
conftest.cpp:139:8: warning: 'auto' type specifier is a C++11 extension [-Wc++11-extensions]
  for (auto i = a3; *i; ++i) { total += *i; }
       ^
conftest.cpp:155:8: warning: 'auto' type specifier is a C++11 extension [-Wc++11-extensions]
  for (auto &x : array) { x += 23; }
       ^
conftest.cpp:155:16: warning: range-based for loop is a C++11 extension [-Wc++11-extensions]
  for (auto &x : array) { x += 23; }
               ^
conftest.cpp:160:17: error: expected expression
  assert (eval ([](int x) { return x*2; }, 21) == 42);
                ^
conftest.cpp:162:17: error: expected expression
  assert (eval ([&](double x) { return d += x; }, 3.0) == 5.0);
                ^
conftest.cpp:164:17: error: expected expression
  assert (eval ([=](double x) mutable { return d += x; }, 4.0) == 9.0);
                ^
conftest.cpp:170:3: warning: 'auto' type specifier is a C++11 extension [-Wc++11-extensions]
  auto a = sum(1);
  ^
conftest.cpp:170:12: error: no matching function for call to 'sum'
  auto a = sum(1);
           ^~~
conftest.cpp:171:3: warning: 'auto' type specifier is a C++11 extension [-Wc++11-extensions]
  auto b = sum(1, 2);
  ^
conftest.cpp:171:12: error: no matching function for call to 'sum'
  auto b = sum(1, 2);
           ^~~
conftest.cpp:172:3: warning: 'auto' type specifier is a C++11 extension [-Wc++11-extensions]
  auto c = sum(1.0, 2.0, 3.0);
  ^
conftest.cpp:172:12: error: no matching function for call to 'sum'
  auto c = sum(1.0, 2.0, 3.0);
           ^~~
conftest.cpp:177:25: warning: empty parentheses interpreted as a function declaration [-Wvexing-parse]
  cxx11test::delegate d2();
                        ^~
conftest.cpp:177:25: note: remove parentheses to declare a variable
  cxx11test::delegate d2();
                        ^~
conftest.cpp:190:16: error: found '<::' after a template name which forms the digraph '<:' (aka '[') and a ':', did you mean '< ::'?
  test_template<::test_template<int>> v(test_template<int>(12));
               ^~~
               < ::
conftest.cpp:190:36: error: a space is required between consecutive right angle brackets (use '> >')
  test_template<::test_template<int>> v(test_template<int>(12));
                                   ^~
                                   > >
conftest.cpp:194:22: error: use of undeclared identifier 'u8'
  char const *utf8 = u8"UTF-8 string \u2500";
                     ^
conftest.cpp:194:24: error: expected ';' at end of declaration
  char const *utf8 = u8"UTF-8 string \u2500";
                       ^
                       ;
fatal error: too many errors emitted, stopping now [-ferror-limit=]
18 warnings and 20 errors generated.
configure:5573: $? = 1
configure: failed program was:
| /* confdefs.h */
| #define PACKAGE_NAME "libffi"
| #define PACKAGE_TARNAME "libffi"
| #define PACKAGE_VERSION "3.4.8"
| #define PACKAGE_STRING "libffi 3.4.8"
| #define PACKAGE_BUGREPORT "http://github.com/libffi/libffi/issues"
| #define PACKAGE_URL ""
| #define PACKAGE "libffi"
| #define VERSION "3.4.8"
| /* end confdefs.h.  */
| 
| // Does the compiler advertise C++98 conformance?
| #if !defined __cplusplus || __cplusplus < 199711L
| # error "Compiler does not advertise C++98 conformance"
| #endif
| 
| // These inclusions are to reject old compilers that
| // lack the unsuffixed header files.
| #include <cstdlib>
| #include <exception>
| 
| // <cassert> and <cstring> are *not* freestanding headers in C++98.
| extern void assert (int);
| namespace std {
|   extern int strcmp (const char *, const char *);
| }
| 
| // Namespaces, exceptions, and templates were all added after "C++ 2.0".
| using std::exception;
| using std::strcmp;
| 
| namespace {
| 
| void test_exception_syntax()
| {
|   try {
|     throw "test";
|   } catch (const char *s) {
|     // Extra parentheses suppress a warning when building autoconf itself,
|     // due to lint rules shared with more typical C programs.
|     assert (!(strcmp) (s, "test"));
|   }
| }
| 
| template <typename T> struct test_template
| {
|   T const val;
|   explicit test_template(T t) : val(t) {}
|   template <typename U> T add(U u) { return static_cast<T>(u) + val; }
| };
| 
| } // anonymous namespace
| 
| 
| // Does the compiler advertise C++ 2011 conformance?
| #if !defined __cplusplus || __cplusplus < 201103L
| # error "Compiler does not advertise C++11 conformance"
| #endif
| 
| namespace cxx11test
| {
|   constexpr int get_val() { return 20; }
| 
|   struct testinit
|   {
|     int i;
|     double d;
|   };
| 
|   class delegate
|   {
|   public:
|     delegate(int n) : n(n) {}
|     delegate(): delegate(2354) {}
| 
|     virtual int getval() { return this->n; };
|   protected:
|     int n;
|   };
| 
|   class overridden : public delegate
|   {
|   public:
|     overridden(int n): delegate(n) {}
|     virtual int getval() override final { return this->n * 2; }
|   };
| 
|   class nocopy
|   {
|   public:
|     nocopy(int i): i(i) {}
|     nocopy() = default;
|     nocopy(const nocopy&) = delete;
|     nocopy & operator=(const nocopy&) = delete;
|   private:
|     int i;
|   };
| 
|   // for testing lambda expressions
|   template <typename Ret, typename Fn> Ret eval(Fn f, Ret v)
|   {
|     return f(v);
|   }
| 
|   // for testing variadic templates and trailing return types
|   template <typename V> auto sum(V first) -> V
|   {
|     return first;
|   }
|   template <typename V, typename... Args> auto sum(V first, Args... rest) -> V
|   {
|     return first + sum(rest...);
|   }
| }
| 
| 
| int
| main (int argc, char **argv)
| {
|   int ok = 0;
|   
|   assert (argc);
|   assert (! argv[0]);
| {
|   test_exception_syntax ();
|   test_template<double> tt (2.0);
|   assert (tt.add (4) == 6.0);
|   assert (true && !false);
| }
| 
|   
| {
|   // Test auto and decltype
|   auto a1 = 6538;
|   auto a2 = 48573953.4;
|   auto a3 = "String literal";
| 
|   int total = 0;
|   for (auto i = a3; *i; ++i) { total += *i; }
| 
|   decltype(a2) a4 = 34895.034;
| }
| {
|   // Test constexpr
|   short sa[cxx11test::get_val()] = { 0 };
| }
| {
|   // Test initializer lists
|   cxx11test::testinit il = { 4323, 435234.23544 };
| }
| {
|   // Test range-based for
|   int array[] = {9, 7, 13, 15, 4, 18, 12, 10, 5, 3,
|                  14, 19, 17, 8, 6, 20, 16, 2, 11, 1};
|   for (auto &x : array) { x += 23; }
| }
| {
|   // Test lambda expressions
|   using cxx11test::eval;
|   assert (eval ([](int x) { return x*2; }, 21) == 42);
|   double d = 2.0;
|   assert (eval ([&](double x) { return d += x; }, 3.0) == 5.0);
|   assert (d == 5.0);
|   assert (eval ([=](double x) mutable { return d += x; }, 4.0) == 9.0);
|   assert (d == 5.0);
| }
| {
|   // Test use of variadic templates
|   using cxx11test::sum;
|   auto a = sum(1);
|   auto b = sum(1, 2);
|   auto c = sum(1.0, 2.0, 3.0);
| }
| {
|   // Test constructor delegation
|   cxx11test::delegate d1;
|   cxx11test::delegate d2();
|   cxx11test::delegate d3(45);
| }
| {
|   // Test override and final
|   cxx11test::overridden o1(55464);
| }
| {
|   // Test nullptr
|   char *c = nullptr;
| }
| {
|   // Test template brackets
|   test_template<::test_template<int>> v(test_template<int>(12));
| }
| {
|   // Unicode literals
|   char const *utf8 = u8"UTF-8 string \u2500";
|   char16_t const *utf16 = u"UTF-8 string \u2500";
|   char32_t const *utf32 = U"UTF-32 string \u2500";
| }
| 
|   return ok;
| }
| 
configure:5573: g++ -std=gnu++11 -c -g -O2  conftest.cpp >&5
conftest.cpp:177:25: warning: empty parentheses interpreted as a function declaration [-Wvexing-parse]
  cxx11test::delegate d2();
                        ^~
conftest.cpp:177:25: note: remove parentheses to declare a variable
  cxx11test::delegate d2();
                        ^~
1 warning generated.
configure:5573: $? = 0
configure:5594: result: -std=gnu++11
configure:5657: checking dependency style of g++ -std=gnu++11
configure:5769: result: none
configure:5799: checking dependency style of gcc
configure:5909: result: none
configure:5925: checking for grep that handles long lines and -e
configure:5989: result: /usr/bin/grep
configure:5994: checking for egrep
configure:6062: result: /usr/bin/grep -E
configure:6114: checking how to print strings
configure:6141: result: printf
configure:6162: checking for a sed that does not truncate output
configure:6232: result: /usr/bin/sed
configure:6250: checking for fgrep
configure:6318: result: /usr/bin/grep -F
configure:6354: checking for ld used by gcc
configure:6422: result: ld
configure:6429: checking if the linker (ld) is GNU ld
configure:6445: result: no
configure:6457: checking for BSD- or MS-compatible name lister (nm)
configure:6512: result: no
configure:6526: checking for aarch64-apple-darwin22-dumpbin
configure:6561: result: no
configure:6526: checking for aarch64-apple-darwin22-link
configure:6561: result: no
configure:6575: checking for dumpbin
configure:6610: result: no
configure:6575: checking for link
configure:6596: found /bin/link
configure:6607: result: link -dump
configure:6652: checking the name lister (nm) interface
configure:6660: gcc -c   conftest.c >&5
configure:6663: nm "conftest.o"
configure:6666: output
0000000000000000 S _some_variable
0000000000000000 t ltmp0
0000000000000000 s ltmp1
configure:6673: result: BSD nm
configure:6676: checking whether ln -s works
configure:6680: result: yes
configure:6688: checking the maximum length of command line arguments
configure:6820: result: 786432
configure:6868: checking how to convert aarch64-apple-darwin25.0.0 file names to aarch64-apple-darwin22 format
configure:6909: result: func_convert_file_noop
configure:6916: checking how to convert aarch64-apple-darwin25.0.0 file names to toolchain format
configure:6937: result: func_convert_file_noop
configure:6944: checking for ld option to reload object files
configure:6952: result: -r
configure:6986: checking for aarch64-apple-darwin22-file
configure:7021: result: no
configure:7031: checking for file
configure:7052: found /usr/bin/file
configure:7063: result: file
configure:7094: checking for aarch64-apple-darwin22-objdump
configure:7129: result: no
configure:7139: checking for objdump
configure:7160: found /usr/bin/objdump
configure:7171: result: objdump
configure:7203: checking how to recognize dependent libraries
configure:7404: result: pass_all
configure:7449: checking for aarch64-apple-darwin22-dlltool
configure:7484: result: no
configure:7494: checking for dlltool
configure:7529: result: no
configure:7559: checking how to associate runtime and link libraries
configure:7587: result: printf %s\n
configure:7604: checking for aarch64-apple-darwin22-ar
configure:7639: result: no
configure:7653: checking for ar
configure:7674: found /usr/bin/ar
configure:7685: result: ar
configure:7738: checking for archiver @FILE support
configure:7756: gcc -c   conftest.c >&5
configure:7756: $? = 0
configure:7760: ar cr libconftest.a @conftest.lst >&5
ar: @conftest.lst: No such file or directory
configure:7763: $? = 1
configure:7783: result: no
configure:7801: checking for aarch64-apple-darwin22-strip
configure:7833: result: strip
configure:7910: checking for aarch64-apple-darwin22-ranlib
configure:7945: result: no
configure:7955: checking for ranlib
configure:7976: found /usr/bin/ranlib
configure:7987: result: ranlib
configure:8089: checking command to parse nm output from gcc object
configure:8243: gcc -c   conftest.c >&5
configure:8246: $? = 0
configure:8250: nm conftest.o | /usr/bin/sed -n -e 's/^.*[	 ]\([ABCDGIRSTW][ABCDGIRSTW]*\)[	 ][	 ]*\([_A-Za-z][_A-Za-z0-9]*\)$/\1 \2 \2/p' | /usr/bin/sed '/ __gnu_lto/d' > conftest.nm
cannot find nm_test_var in conftest.nm
configure:8243: gcc -c   conftest.c >&5
configure:8246: $? = 0
configure:8250: nm conftest.o | /usr/bin/sed -n -e 's/^.*[	 ]\([ABCDGIRSTW][ABCDGIRSTW]*\)[	 ][	 ]*_\([_A-Za-z][_A-Za-z0-9]*\)$/\1 _\2 \2/p' | /usr/bin/sed '/ __gnu_lto/d' > conftest.nm
configure:8316: gcc -o conftest    conftest.c conftstm.o >&5
configure:8319: $? = 0
configure:8357: result: ok
configure:8404: checking for sysroot
configure:8435: result: no
configure:8442: checking for a working dd
configure:8486: result: /bin/dd
configure:8490: checking how to truncate binary pipes
configure:8506: result: /bin/dd bs=4096 count=1
configure:8798: checking for aarch64-apple-darwin22-mt
configure:8833: result: no
configure:8843: checking for mt
configure:8878: result: no
configure:8898: checking if : is a manifest tool
configure:8905: : '-?'
configure:8913: result: no
configure:8929: checking for aarch64-apple-darwin22-dsymutil
configure:8964: result: no
configure:8974: checking for dsymutil
configure:8995: found /usr/bin/dsymutil
configure:9006: result: dsymutil
configure:9031: checking for aarch64-apple-darwin22-nmedit
configure:9066: result: no
configure:9076: checking for nmedit
configure:9097: found /usr/bin/nmedit
configure:9108: result: nmedit
configure:9133: checking for aarch64-apple-darwin22-lipo
configure:9168: result: no
configure:9178: checking for lipo
configure:9199: found /usr/bin/lipo
configure:9210: result: lipo
configure:9235: checking for aarch64-apple-darwin22-otool
configure:9270: result: no
configure:9280: checking for otool
configure:9301: found /usr/bin/otool
configure:9312: result: otool
configure:9337: checking for aarch64-apple-darwin22-otool64
configure:9372: result: no
configure:9382: checking for otool64
configure:9417: result: no
configure:9462: checking for -single_module linker flag
gcc   -o libconftest.dylib -dynamiclib -Wl,-single_module conftest.c
configure:9496: result: yes
configure:9499: checking for -exported_symbols_list linker flag
configure:9520: gcc -o conftest    -Wl,-exported_symbols_list,conftest.sym conftest.c  >&5
configure:9520: $? = 0
configure:9531: result: yes
configure:9534: checking for -force_load linker flag
gcc  -c -o conftest.o conftest.c
ar cr libconftest.a conftest.o
ranlib libconftest.a
gcc   -o conftest conftest.c -Wl,-force_load,./libconftest.a
configure:9567: result: yes
configure:9638: checking for stdio.h
configure:9638: gcc -c   conftest.c >&5
configure:9638: $? = 0
configure:9638: result: yes
configure:9638: checking for stdlib.h
configure:9638: gcc -c   conftest.c >&5
configure:9638: $? = 0
configure:9638: result: yes
configure:9638: checking for string.h
configure:9638: gcc -c   conftest.c >&5
configure:9638: $? = 0
configure:9638: result: yes
configure:9638: checking for inttypes.h
configure:9638: gcc -c   conftest.c >&5
configure:9638: $? = 0
configure:9638: result: yes
configure:9638: checking for stdint.h
configure:9638: gcc -c   conftest.c >&5
configure:9638: $? = 0
configure:9638: result: yes
configure:9638: checking for strings.h
configure:9638: gcc -c   conftest.c >&5
configure:9638: $? = 0
configure:9638: result: yes
configure:9638: checking for sys/stat.h
configure:9638: gcc -c   conftest.c >&5
configure:9638: $? = 0
configure:9638: result: yes
configure:9638: checking for sys/types.h
configure:9638: gcc -c   conftest.c >&5
configure:9638: $? = 0
configure:9638: result: yes
configure:9638: checking for unistd.h
configure:9638: gcc -c   conftest.c >&5
configure:9638: $? = 0
configure:9638: result: yes
configure:9663: checking for dlfcn.h
configure:9663: gcc -c   conftest.c >&5
configure:9663: $? = 0
configure:9663: result: yes
configure:9933: checking for objdir
configure:9949: result: .libs
configure:10213: checking if gcc supports -fno-rtti -fno-exceptions
configure:10232: gcc -c   -fno-rtti -fno-exceptions conftest.c >&5
configure:10236: $? = 0
configure:10249: result: yes
configure:10613: checking for gcc option to produce PIC
configure:10621: result: -fno-common -DPIC
configure:10629: checking if gcc PIC flag -fno-common -DPIC works
configure:10648: gcc -c   -fno-common -DPIC -DPIC conftest.c >&5
configure:10652: $? = 0
configure:10665: result: yes
configure:10694: checking if gcc static flag -static works
configure:10723: result: no
configure:10738: checking if gcc supports -c -o file.o
configure:10760: gcc -c   -o out/conftest2.o conftest.c >&5
configure:10764: $? = 0
configure:10786: result: yes
configure:10794: checking if gcc supports -c -o file.o
configure:10842: result: yes
configure:10875: checking whether the gcc linker (ld) supports shared libraries
configure:12149: result: yes
configure:12390: checking dynamic linker characteristics
configure:13223: result: darwin22 dyld
configure:13345: checking how to hardcode library paths into programs
configure:13370: result: immediate
configure:13922: checking whether stripping libraries is possible
configure:13939: result: yes
configure:13973: checking if libtool supports shared libraries
configure:13975: result: yes
configure:13978: checking whether to build shared libraries
configure:14003: result: no
configure:14006: checking whether to build static libraries
configure:14010: result: yes
configure:14033: checking how to run the C++ preprocessor
configure:14055: g++ -std=gnu++11 -E  conftest.cpp
configure:14055: $? = 0
configure:14070: g++ -std=gnu++11 -E  conftest.cpp
conftest.cpp:23:10: fatal error: 'ac_nonexistent.h' file not found
#include <ac_nonexistent.h>
         ^~~~~~~~~~~~~~~~~~
1 error generated.
configure:14070: $? = 1
configure: failed program was:
| /* confdefs.h */
| #define PACKAGE_NAME "libffi"
| #define PACKAGE_TARNAME "libffi"
| #define PACKAGE_VERSION "3.4.8"
| #define PACKAGE_STRING "libffi 3.4.8"
| #define PACKAGE_BUGREPORT "http://github.com/libffi/libffi/issues"
| #define PACKAGE_URL ""
| #define PACKAGE "libffi"
| #define VERSION "3.4.8"
| #define HAVE_STDIO_H 1
| #define HAVE_STDLIB_H 1
| #define HAVE_STRING_H 1
| #define HAVE_INTTYPES_H 1
| #define HAVE_STDINT_H 1
| #define HAVE_STRINGS_H 1
| #define HAVE_SYS_STAT_H 1
| #define HAVE_SYS_TYPES_H 1
| #define HAVE_UNISTD_H 1
| #define STDC_HEADERS 1
| #define HAVE_DLFCN_H 1
| #define LT_OBJDIR ".libs/"
| /* end confdefs.h.  */
| #include <ac_nonexistent.h>
configure:14097: result: g++ -std=gnu++11 -E
configure:14111: g++ -std=gnu++11 -E  conftest.cpp
configure:14111: $? = 0
configure:14126: g++ -std=gnu++11 -E  conftest.cpp
conftest.cpp:23:10: fatal error: 'ac_nonexistent.h' file not found
#include <ac_nonexistent.h>
         ^~~~~~~~~~~~~~~~~~
1 error generated.
configure:14126: $? = 1
configure: failed program was:
| /* confdefs.h */
| #define PACKAGE_NAME "libffi"
| #define PACKAGE_TARNAME "libffi"
| #define PACKAGE_VERSION "3.4.8"
| #define PACKAGE_STRING "libffi 3.4.8"
| #define PACKAGE_BUGREPORT "http://github.com/libffi/libffi/issues"
| #define PACKAGE_URL ""
| #define PACKAGE "libffi"
| #define VERSION "3.4.8"
| #define HAVE_STDIO_H 1
| #define HAVE_STDLIB_H 1
| #define HAVE_STRING_H 1
| #define HAVE_INTTYPES_H 1
| #define HAVE_STDINT_H 1
| #define HAVE_STRINGS_H 1
| #define HAVE_SYS_STAT_H 1
| #define HAVE_SYS_TYPES_H 1
| #define HAVE_UNISTD_H 1
| #define STDC_HEADERS 1
| #define HAVE_DLFCN_H 1
| #define LT_OBJDIR ".libs/"
| /* end confdefs.h.  */
| #include <ac_nonexistent.h>
configure:14291: checking for ld used by g++ -std=gnu++11
configure:14359: result: ld
configure:14366: checking if the linker (ld) is GNU ld
configure:14382: result: no
configure:14437: checking whether the g++ -std=gnu++11 linker (ld) supports shared libraries
configure:15515: result: yes
configure:15551: g++ -std=gnu++11 -c -g -O2  conftest.cpp >&5
configure:15554: $? = 0
configure:16035: checking for g++ -std=gnu++11 option to produce PIC
configure:16043: result: -fno-common -DPIC
configure:16051: checking if g++ -std=gnu++11 PIC flag -fno-common -DPIC works
configure:16070: g++ -std=gnu++11 -c -g -O2  -fno-common -DPIC -DPIC conftest.cpp >&5
configure:16074: $? = 0
configure:16087: result: yes
configure:16110: checking if g++ -std=gnu++11 static flag -static works
configure:16139: result: no
configure:16151: checking if g++ -std=gnu++11 supports -c -o file.o
configure:16173: g++ -std=gnu++11 -c -g -O2  -o out/conftest2.o conftest.cpp >&5
configure:16177: $? = 0
configure:16199: result: yes
configure:16204: checking if g++ -std=gnu++11 supports -c -o file.o
configure:16252: result: yes
configure:16282: checking whether the g++ -std=gnu++11 linker (ld) supports shared libraries
configure:16325: result: yes
configure:16467: checking dynamic linker characteristics
configure:17227: result: darwin22 dyld
configure:17292: checking how to hardcode library paths into programs
configure:17317: result: immediate
configure:17385: checking for aarch64-apple-darwin22-readelf
configure:17420: result: no
configure:17385: checking for aarch64-apple-darwin22-greadelf
configure:17420: result: no
configure:17434: checking for readelf
configure:17469: result: no
configure:17434: checking for greadelf
configure:17469: result: no
configure:17496: checking size of size_t
configure:17502: gcc -o conftest    conftest.c  >&5
configure:17502: $? = 0
configure:17502: ./conftest
configure:17502: $? = 0
configure:17517: result: 8
configure:17526: checking for C compiler vendor
configure:17585: gcc -c   conftest.c >&5
conftest.c:30:7: error: use of undeclared identifier 'thisisanerror'
      thisisanerror;
      ^
1 error generated.
configure:17585: $? = 1
configure: failed program was:
| /* confdefs.h */
| #define PACKAGE_NAME "libffi"
| #define PACKAGE_TARNAME "libffi"
| #define PACKAGE_VERSION "3.4.8"
| #define PACKAGE_STRING "libffi 3.4.8"
| #define PACKAGE_BUGREPORT "http://github.com/libffi/libffi/issues"
| #define PACKAGE_URL ""
| #define PACKAGE "libffi"
| #define VERSION "3.4.8"
| #define HAVE_STDIO_H 1
| #define HAVE_STDLIB_H 1
| #define HAVE_STRING_H 1
| #define HAVE_INTTYPES_H 1
| #define HAVE_STDINT_H 1
| #define HAVE_STRINGS_H 1
| #define HAVE_SYS_STAT_H 1
| #define HAVE_SYS_TYPES_H 1
| #define HAVE_UNISTD_H 1
| #define STDC_HEADERS 1
| #define HAVE_DLFCN_H 1
| #define LT_OBJDIR ".libs/"
| #define SIZEOF_SIZE_T 8
| /* end confdefs.h.  */
| 
| int
| main (void)
| {
| 
| #if !(defined(__ICC) || defined(__ECC) || defined(__INTEL_COMPILER))
|       thisisanerror;
| #endif
| 
|   ;
|   return 0;
| }
configure:17585: gcc -c   conftest.c >&5
conftest.c:30:7: error: use of undeclared identifier 'thisisanerror'
      thisisanerror;
      ^
1 error generated.
configure:17585: $? = 1
configure: failed program was:
| /* confdefs.h */
| #define PACKAGE_NAME "libffi"
| #define PACKAGE_TARNAME "libffi"
| #define PACKAGE_VERSION "3.4.8"
| #define PACKAGE_STRING "libffi 3.4.8"
| #define PACKAGE_BUGREPORT "http://github.com/libffi/libffi/issues"
| #define PACKAGE_URL ""
| #define PACKAGE "libffi"
| #define VERSION "3.4.8"
| #define HAVE_STDIO_H 1
| #define HAVE_STDLIB_H 1
| #define HAVE_STRING_H 1
| #define HAVE_INTTYPES_H 1
| #define HAVE_STDINT_H 1
| #define HAVE_STRINGS_H 1
| #define HAVE_SYS_STAT_H 1
| #define HAVE_SYS_TYPES_H 1
| #define HAVE_UNISTD_H 1
| #define STDC_HEADERS 1
| #define HAVE_DLFCN_H 1
| #define LT_OBJDIR ".libs/"
| #define SIZEOF_SIZE_T 8
| /* end confdefs.h.  */
| 
| int
| main (void)
| {
| 
| #if !(defined(__xlc__) || defined(__xlC__) || defined(__IBMC__) || defined(__IBMCPP__) || defined(__ibmxl__))
|       thisisanerror;
| #endif
| 
|   ;
|   return 0;
| }
configure:17585: gcc -c   conftest.c >&5
conftest.c:30:7: error: use of undeclared identifier 'thisisanerror'
      thisisanerror;
      ^
1 error generated.
configure:17585: $? = 1
configure: failed program was:
| /* confdefs.h */
| #define PACKAGE_NAME "libffi"
| #define PACKAGE_TARNAME "libffi"
| #define PACKAGE_VERSION "3.4.8"
| #define PACKAGE_STRING "libffi 3.4.8"
| #define PACKAGE_BUGREPORT "http://github.com/libffi/libffi/issues"
| #define PACKAGE_URL ""
| #define PACKAGE "libffi"
| #define VERSION "3.4.8"
| #define HAVE_STDIO_H 1
| #define HAVE_STDLIB_H 1
| #define HAVE_STRING_H 1
| #define HAVE_INTTYPES_H 1
| #define HAVE_STDINT_H 1
| #define HAVE_STRINGS_H 1
| #define HAVE_SYS_STAT_H 1
| #define HAVE_SYS_TYPES_H 1
| #define HAVE_UNISTD_H 1
| #define STDC_HEADERS 1
| #define HAVE_DLFCN_H 1
| #define LT_OBJDIR ".libs/"
| #define SIZEOF_SIZE_T 8
| /* end confdefs.h.  */
| 
| int
| main (void)
| {
| 
| #if !(defined(__PATHCC__) || defined(__PATHSCALE__))
|       thisisanerror;
| #endif
| 
|   ;
|   return 0;
| }
configure:17585: gcc -c   conftest.c >&5
configure:17585: $? = 0
configure:17595: result: clang
configure:18486: checking CFLAGS for most reasonable warnings
configure:18573: : CFLAGS="$CFLAGS"
configure:18576: $? = 0
configure:18599: result: -Wall
configure:18622: checking whether to enable maintainer-specific portions of Makefiles
configure:18632: result: no
configure:18646: checking for sys/memfd.h
configure:18646: gcc -c -Wall  -fexceptions  conftest.c >&5
conftest.c:52:10: fatal error: 'sys/memfd.h' file not found
#include <sys/memfd.h>
         ^~~~~~~~~~~~~
1 error generated.
configure:18646: $? = 1
configure: failed program was:
| /* confdefs.h */
| #define PACKAGE_NAME "libffi"
| #define PACKAGE_TARNAME "libffi"
| #define PACKAGE_VERSION "3.4.8"
| #define PACKAGE_STRING "libffi 3.4.8"
| #define PACKAGE_BUGREPORT "http://github.com/libffi/libffi/issues"
| #define PACKAGE_URL ""
| #define PACKAGE "libffi"
| #define VERSION "3.4.8"
| #define HAVE_STDIO_H 1
| #define HAVE_STDLIB_H 1
| #define HAVE_STRING_H 1
| #define HAVE_INTTYPES_H 1
| #define HAVE_STDINT_H 1
| #define HAVE_STRINGS_H 1
| #define HAVE_SYS_STAT_H 1
| #define HAVE_SYS_TYPES_H 1
| #define HAVE_UNISTD_H 1
| #define STDC_HEADERS 1
| #define HAVE_DLFCN_H 1
| #define LT_OBJDIR ".libs/"
| #define SIZEOF_SIZE_T 8
| /* end confdefs.h.  */
| #include <stddef.h>
| #ifdef HAVE_STDIO_H
| # include <stdio.h>
| #endif
| #ifdef HAVE_STDLIB_H
| # include <stdlib.h>
| #endif
| #ifdef HAVE_STRING_H
| # include <string.h>
| #endif
| #ifdef HAVE_INTTYPES_H
| # include <inttypes.h>
| #endif
| #ifdef HAVE_STDINT_H
| # include <stdint.h>
| #endif
| #ifdef HAVE_STRINGS_H
| # include <strings.h>
| #endif
| #ifdef HAVE_SYS_TYPES_H
| # include <sys/types.h>
| #endif
| #ifdef HAVE_SYS_STAT_H
| # include <sys/stat.h>
| #endif
| #ifdef HAVE_UNISTD_H
| # include <unistd.h>
| #endif
| #include <sys/memfd.h>
configure:18646: result: no
configure:18653: checking for memfd_create
configure:18653: gcc -o conftest -Wall  -fexceptions   conftest.c  >&5
Undefined symbols for architecture arm64:
  "_memfd_create", referenced from:
      _main in conftest-d56ba0.o
ld: symbol(s) not found for architecture arm64
clang: error: linker command failed with exit code 1 (use -v to see invocation)
configure:18653: $? = 1
configure: failed program was:
| /* confdefs.h */
| #define PACKAGE_NAME "libffi"
| #define PACKAGE_TARNAME "libffi"
| #define PACKAGE_VERSION "3.4.8"
| #define PACKAGE_STRING "libffi 3.4.8"
| #define PACKAGE_BUGREPORT "http://github.com/libffi/libffi/issues"
| #define PACKAGE_URL ""
| #define PACKAGE "libffi"
| #define VERSION "3.4.8"
| #define HAVE_STDIO_H 1
| #define HAVE_STDLIB_H 1
| #define HAVE_STRING_H 1
| #define HAVE_INTTYPES_H 1
| #define HAVE_STDINT_H 1
| #define HAVE_STRINGS_H 1
| #define HAVE_SYS_STAT_H 1
| #define HAVE_SYS_TYPES_H 1
| #define HAVE_UNISTD_H 1
| #define STDC_HEADERS 1
| #define HAVE_DLFCN_H 1
| #define LT_OBJDIR ".libs/"
| #define SIZEOF_SIZE_T 8
| /* end confdefs.h.  */
| /* Define memfd_create to an innocuous variant, in case <limits.h> declares memfd_create.
|    For example, HP-UX 11i <limits.h> declares gettimeofday.  */
| #define memfd_create innocuous_memfd_create
| 
| /* System header to define __stub macros and hopefully few prototypes,
|    which can conflict with char memfd_create (); below.  */
| 
| #include <limits.h>
| #undef memfd_create
| 
| /* Override any GCC internal prototype to avoid an error.
|    Use char because int might match the return type of a GCC
|    builtin and then its argument prototype would still apply.  */
| #ifdef __cplusplus
| extern "C"
| #endif
| char memfd_create ();
| /* The GNU C library defines this for functions which it implements
|     to always fail with ENOSYS.  Some functions are actually named
|     something starting with __ and the normal name is an alias.  */
| #if defined __stub_memfd_create || defined __stub___memfd_create
| choke me
| #endif
| 
| int
| main (void)
| {
| return memfd_create ();
|   ;
|   return 0;
| }
configure:18653: result: no
configure:18685: checking for egrep
configure:18753: result: /usr/bin/grep -E
configure:18759: checking for memcpy
configure:18759: gcc -o conftest -Wall  -fexceptions   conftest.c  >&5
conftest.c:40:6: warning: incompatible redeclaration of library function 'memcpy' [-Wincompatible-library-redeclaration]
char memcpy ();
     ^
conftest.c:40:6: note: 'memcpy' is a builtin with type 'void *(void *, const void *, unsigned long)'
1 warning generated.
configure:18759: $? = 0
configure:18759: result: yes
configure:18766: checking for alloca.h
configure:18766: gcc -c -Wall  -fexceptions  conftest.c >&5
configure:18766: $? = 0
configure:18766: result: yes
configure:18778: checking size of double
configure:18784: gcc -o conftest -Wall  -fexceptions   conftest.c  >&5
configure:18784: $? = 0
configure:18784: ./conftest
configure:18784: $? = 0
configure:18799: result: 8
configure:18811: checking size of long double
configure:18817: gcc -o conftest -Wall  -fexceptions   conftest.c  >&5
configure:18817: $? = 0
configure:18817: ./conftest
configure:18817: $? = 0
configure:18832: result: 8
configure:18863: checking whether byte ordering is bigendian
configure:18879: gcc -c -Wall  -fexceptions  conftest.c >&5
configure:18879: $? = 0
configure:18925: gcc -c -Wall  -fexceptions  conftest.c >&5
configure:18925: $? = 0
configure:18944: gcc -c -Wall  -fexceptions  conftest.c >&5
conftest.c:35:4: error: use of undeclared identifier 'not'
                 not big endian
                 ^
1 error generated.
configure:18944: $? = 1
configure: failed program was:
| /* confdefs.h */
| #define PACKAGE_NAME "libffi"
| #define PACKAGE_TARNAME "libffi"
| #define PACKAGE_VERSION "3.4.8"
| #define PACKAGE_STRING "libffi 3.4.8"
| #define PACKAGE_BUGREPORT "http://github.com/libffi/libffi/issues"
| #define PACKAGE_URL ""
| #define PACKAGE "libffi"
| #define VERSION "3.4.8"
| #define HAVE_STDIO_H 1
| #define HAVE_STDLIB_H 1
| #define HAVE_STRING_H 1
| #define HAVE_INTTYPES_H 1
| #define HAVE_STDINT_H 1
| #define HAVE_STRINGS_H 1
| #define HAVE_SYS_STAT_H 1
| #define HAVE_SYS_TYPES_H 1
| #define HAVE_UNISTD_H 1
| #define STDC_HEADERS 1
| #define HAVE_DLFCN_H 1
| #define LT_OBJDIR ".libs/"
| #define SIZEOF_SIZE_T 8
| #define HAVE_MEMCPY 1
| #define HAVE_ALLOCA_H 1
| #define SIZEOF_DOUBLE 8
| #define SIZEOF_LONG_DOUBLE 8
| /* end confdefs.h.  */
| #include <sys/types.h>
| 		#include <sys/param.h>
| 
| int
| main (void)
| {
| #if BYTE_ORDER != BIG_ENDIAN
| 		 not big endian
| 		#endif
| 
|   ;
|   return 0;
| }
configure:19078: result: no
configure:19097: checking assembler .cfi pseudo-op support
configure:19116: gcc -c -Wall  -fexceptions  conftest.c >&5
configure:19116: $? = 0
configure:19125: result: yes
configure:19266: checking whether compiler supports pointer authentication
configure:19295: gcc -c -Wall  -fexceptions  conftest.c >&5
conftest.c:41:3: error: Pointer authentication not supported
# error Pointer authentication not supported
  ^
1 error generated.
configure:19295: $? = 1
configure: failed program was:
| /* confdefs.h */
| #define PACKAGE_NAME "libffi"
| #define PACKAGE_TARNAME "libffi"
| #define PACKAGE_VERSION "3.4.8"
| #define PACKAGE_STRING "libffi 3.4.8"
| #define PACKAGE_BUGREPORT "http://github.com/libffi/libffi/issues"
| #define PACKAGE_URL ""
| #define PACKAGE "libffi"
| #define VERSION "3.4.8"
| #define HAVE_STDIO_H 1
| #define HAVE_STDLIB_H 1
| #define HAVE_STRING_H 1
| #define HAVE_INTTYPES_H 1
| #define HAVE_STDINT_H 1
| #define HAVE_STRINGS_H 1
| #define HAVE_SYS_STAT_H 1
| #define HAVE_SYS_TYPES_H 1
| #define HAVE_UNISTD_H 1
| #define STDC_HEADERS 1
| #define HAVE_DLFCN_H 1
| #define LT_OBJDIR ".libs/"
| #define SIZEOF_SIZE_T 8
| #define HAVE_MEMCPY 1
| #define HAVE_ALLOCA_H 1
| #define SIZEOF_DOUBLE 8
| #define SIZEOF_LONG_DOUBLE 8
| #define HAVE_AS_CFI_PSEUDO_OP 1
| /* end confdefs.h.  */
| 
| int
| main (void)
| {
| 
| #ifdef __clang__
| # if __has_feature(ptrauth_calls)
| #  define HAVE_ARM64E_PTRAUTH 1
| # endif
| #endif
| 
| #ifndef HAVE_ARM64E_PTRAUTH
| # error Pointer authentication not supported
| #endif
| 
|   ;
|   return 0;
| }
configure:19304: result: no
configure:19330: checking for _ prefix in compiled symbols
configure:19341: gcc -c -Wall  -fexceptions  conftest.c >&5
conftest.c:2:12: warning: expression result unused [-Wunused-value]
int main(){nm_test_func;return 0;}
           ^~~~~~~~~~~~
1 warning generated.
configure:19344: $? = 0
configure:19348: nm conftest.o \| /usr/bin/sed -n -e 's/^.*[	 ]\([ABCDGIRSTW][ABCDGIRSTW]*\)[	 ][	 ]*_\([_A-Za-z][_A-Za-z0-9]*\)$/\1 _\2 \2/p' | /usr/bin/sed '/ __gnu_lto/d' \> conftest.nm
configure:19351: $? = 0
configure:19373: result: yes
configure:19449: checking whether C compiler accepts -fno-lto
configure:19469: gcc -c -Wall  -fexceptions  -fno-lto  conftest.c >&5
configure:19469: $? = 0
configure:19478: result: yes
configure:19488: checking whether .eh_frame section should be read-only
configure:19505: result: yes
configure:19520: checking for __attribute__((visibility("hidden")))
configure:19530: gcc -Werror -S conftest.c -o conftest.s 1>&5
configure:19533: $? = 0
configure:19542: result: yes
configure:20027: versioning on shared library symbols is no
configure:20148: checking that generated files are newer than configure
configure:20154: result: done
configure:20222: creating ./config.status

## ---------------------- ##
## Running config.status. ##
## ---------------------- ##

This file was extended by libffi config.status 3.4.8, which was
generated by GNU Autoconf 2.71.  Invocation command line was

  CONFIG_FILES    = 
  CONFIG_HEADERS  = 
  CONFIG_LINKS    = 
  CONFIG_COMMANDS = 
  $ ./config.status 

on Vaishnavs-MacBook-Air.local

config.status:1215: creating include/Makefile
config.status:1215: creating include/ffi.h
config.status:1215: creating Makefile
config.status:1215: creating testsuite/Makefile
config.status:1215: creating man/Makefile
config.status:1215: creating doc/Makefile
config.status:1215: creating libffi.pc
config.status:1215: creating fficonfig.h
config.status:1429: executing buildir commands
config.status:1442: skipping top_srcdir/Makefile - not created
config.status:1429: executing depfiles commands
config.status:1429: executing libtool commands
config.status:1429: executing include commands
config.status:1429: executing src commands

## ---------------- ##
## Cache variables. ##
## ---------------- ##

ac_cv_build=aarch64-apple-darwin25.0.0
ac_cv_c_bigendian=no
ac_cv_c_compiler_gnu=yes
ac_cv_cflags_warn_all=-Wall
ac_cv_cxx_compiler_gnu=yes
ac_cv_env_CCASFLAGS_set=
ac_cv_env_CCASFLAGS_value=
ac_cv_env_CCAS_set=
ac_cv_env_CCAS_value=
ac_cv_env_CPPFLAGS_set=
ac_cv_env_CPPFLAGS_value=
ac_cv_env_CXXCPP_set=
ac_cv_env_CXXCPP_value=
ac_cv_env_LT_SYS_LIBRARY_PATH_set=
ac_cv_env_LT_SYS_LIBRARY_PATH_value=
ac_cv_env_build_alias_set=
ac_cv_env_build_alias_value=
ac_cv_env_host_alias_set=set
ac_cv_env_host_alias_value=aarch64-apple-darwin22
ac_cv_env_target_alias_set=
ac_cv_env_target_alias_value=
ac_cv_func_memcpy=yes
ac_cv_func_memfd_create=no
ac_cv_header_alloca_h=yes
ac_cv_header_dlfcn_h=yes
ac_cv_header_inttypes_h=yes
ac_cv_header_stdint_h=yes
ac_cv_header_stdio_h=yes
ac_cv_header_stdlib_h=yes
ac_cv_header_string_h=yes
ac_cv_header_strings_h=yes
ac_cv_header_sys_memfd_h=no
ac_cv_header_sys_stat_h=yes
ac_cv_header_sys_types_h=yes
ac_cv_header_unistd_h=yes
ac_cv_host=aarch64-apple-darwin22
ac_cv_objext=o
ac_cv_path_EGREP='/usr/bin/grep -E'
ac_cv_path_FGREP='/usr/bin/grep -F'
ac_cv_path_GREP=/usr/bin/grep
ac_cv_path_SED=/usr/bin/sed
ac_cv_path_ax_enable_builddir_sed=sed
ac_cv_path_install='/opt/homebrew/bin/ginstall -c'
ac_cv_path_lt_DD=/bin/dd
ac_cv_path_mkdir=/opt/homebrew/bin/gmkdir
ac_cv_prog_AWK=awk
ac_cv_prog_CC=gcc
ac_cv_prog_CXXCPP='g++ -std=gnu++11 -E'
ac_cv_prog_STRIP=strip
ac_cv_prog_ac_ct_AR=ar
ac_cv_prog_ac_ct_CXX=g++
ac_cv_prog_ac_ct_DSYMUTIL=dsymutil
ac_cv_prog_ac_ct_DUMPBIN='link -dump'
ac_cv_prog_ac_ct_FILECMD=file
ac_cv_prog_ac_ct_LIPO=lipo
ac_cv_prog_ac_ct_NMEDIT=nmedit
ac_cv_prog_ac_ct_OBJDUMP=objdump
ac_cv_prog_ac_ct_OTOOL=otool
ac_cv_prog_ac_ct_RANLIB=ranlib
ac_cv_prog_ac_ct_STRIP=strip
ac_cv_prog_cc_c11=
ac_cv_prog_cc_g=yes
ac_cv_prog_cc_stdc=
ac_cv_prog_cxx_cxx11=-std=gnu++11
ac_cv_prog_cxx_g=yes
ac_cv_prog_cxx_stdcxx=-std=gnu++11
ac_cv_prog_make_make_set=yes
ac_cv_sizeof_double=8
ac_cv_sizeof_long_double=8
ac_cv_sizeof_size_t=8
ac_cv_target=aarch64-apple-darwin22
am_cv_CCAS_dependencies_compiler_type=none
am_cv_CC_dependencies_compiler_type=none
am_cv_CXX_dependencies_compiler_type=none
am_cv_make_support_nested_variables=yes
am_cv_prog_cc_c_o=yes
ax_cv_c_compiler_vendor=clang
ax_cv_check_cflags___fno_lto=yes
gcc_cv_as_cfi_pseudo_op=yes
libffi_cv_as_ptrauth=no
libffi_cv_hidden_visibility_attribute=yes
libffi_cv_no_lto=-fno-lto
libffi_cv_ro_eh_frame=yes
lt_cv_apple_cc_single_mod=yes
lt_cv_ar_at_file=no
lt_cv_deplibs_check_method=pass_all
lt_cv_file_magic_cmd='$MAGIC_CMD'
lt_cv_file_magic_test_file=
lt_cv_ld_exported_symbols_list=yes
lt_cv_ld_force_load=yes
lt_cv_ld_reload_flag=-r
lt_cv_nm_interface='BSD nm'
lt_cv_objdir=.libs
lt_cv_path_LD=ld
lt_cv_path_LDCXX=ld
lt_cv_path_NM=no
lt_cv_path_mainfest_tool=no
lt_cv_prog_compiler_c_o=yes
lt_cv_prog_compiler_c_o_CXX=yes
lt_cv_prog_compiler_pic='-fno-common -DPIC'
lt_cv_prog_compiler_pic_CXX='-fno-common -DPIC'
lt_cv_prog_compiler_pic_works=yes
lt_cv_prog_compiler_pic_works_CXX=yes
lt_cv_prog_compiler_rtti_exceptions=yes
lt_cv_prog_compiler_static_works=no
lt_cv_prog_compiler_static_works_CXX=no
lt_cv_prog_gnu_ld=no
lt_cv_prog_gnu_ldcxx=no
lt_cv_sharedlib_from_linklib_cmd='printf %s\n'
lt_cv_sys_global_symbol_pipe='/usr/bin/sed -n -e '\''s/^.*[	 ]\([ABCDGIRSTW][ABCDGIRSTW]*\)[	 ][	 ]*_\([_A-Za-z][_A-Za-z0-9]*\)$/\1 _\2 \2/p'\'' | /usr/bin/sed '\''/ __gnu_lto/d'\'''
lt_cv_sys_global_symbol_to_c_name_address='/usr/bin/sed -n -e '\''s/^: \(.*\) .*$/  {"\1", (void *) 0},/p'\'' -e '\''s/^[ABCDGIRSTW][ABCDGIRSTW]* .* \(.*\)$/  {"\1", (void *) \&\1},/p'\'''
lt_cv_sys_global_symbol_to_c_name_address_lib_prefix='/usr/bin/sed -n -e '\''s/^: \(.*\) .*$/  {"\1", (void *) 0},/p'\'' -e '\''s/^[ABCDGIRSTW][ABCDGIRSTW]* .* \(lib.*\)$/  {"\1", (void *) \&\1},/p'\'' -e '\''s/^[ABCDGIRSTW][ABCDGIRSTW]* .* \(.*\)$/  {"lib\1", (void *) \&\1},/p'\'''
lt_cv_sys_global_symbol_to_cdecl='/usr/bin/sed -n -e '\''s/^T .* \(.*\)$/extern int \1();/p'\'' -e '\''s/^[ABCDGIRSTW][ABCDGIRSTW]* .* \(.*\)$/extern char \1;/p'\'''
lt_cv_sys_global_symbol_to_import=
lt_cv_sys_max_cmd_len=786432
lt_cv_sys_symbol_underscore=yes
lt_cv_to_host_file_cmd=func_convert_file_noop
lt_cv_to_tool_file_cmd=func_convert_file_noop
lt_cv_truncate_bin='/bin/dd bs=4096 count=1'

## ----------------- ##
## Output variables. ##
## ----------------- ##

ACLOCAL='${SHELL} '\''/Users/vaishnav/Desktop/WallPics/vendor/bundle/ruby/2.7.0/gems/ffi-1.17.2/ext/ffi_c/libffi/missing'\'' aclocal-1.16'
AMDEPBACKSLASH=''
AMDEP_FALSE=''
AMDEP_TRUE='#'
AMTAR='$${TAR-tar}'
AM_BACKSLASH='\'
AM_DEFAULT_V='$(AM_DEFAULT_VERBOSITY)'
AM_DEFAULT_VERBOSITY='1'
AM_LTLDFLAGS=''
AM_RUNTESTFLAGS=''
AM_V='$(V)'
AR='ar'
AUTOCONF='${SHELL} '\''/Users/vaishnav/Desktop/WallPics/vendor/bundle/ruby/2.7.0/gems/ffi-1.17.2/ext/ffi_c/libffi/missing'\'' autoconf'
AUTOHEADER='${SHELL} '\''/Users/vaishnav/Desktop/WallPics/vendor/bundle/ruby/2.7.0/gems/ffi-1.17.2/ext/ffi_c/libffi/missing'\'' autoheader'
AUTOMAKE='${SHELL} '\''/Users/vaishnav/Desktop/WallPics/vendor/bundle/ruby/2.7.0/gems/ffi-1.17.2/ext/ffi_c/libffi/missing'\'' automake-1.16'
AWK='awk'
BUILD_DOCS_FALSE=''
BUILD_DOCS_TRUE='#'
CC='gcc'
CCAS='gcc'
CCASDEPMODE='depmode=none'
CCASFLAGS=''
CCDEPMODE='depmode=none'
CFLAGS='-Wall  -fexceptions'
CPPFLAGS=''
CSCOPE='cscope'
CTAGS='ctags'
CXX='g++ -std=gnu++11'
CXXCPP='g++ -std=gnu++11 -E'
CXXDEPMODE='depmode=none'
CXXFLAGS='-g -O2'
CYGPATH_W='echo'
DEFS='-DHAVE_CONFIG_H'
DEPDIR='.deps'
DLLTOOL='false'
DSYMUTIL='dsymutil'
DUMPBIN=':'
ECHO_C='\c'
ECHO_N=''
ECHO_T=''
EGREP='/usr/bin/grep -E'
ETAGS='etags'
EXEEXT=''
FFI_DEBUG_FALSE=''
FFI_DEBUG_TRUE='#'
FFI_EXEC_TRAMPOLINE_TABLE='1'
FFI_EXEC_TRAMPOLINE_TABLE_FALSE='#'
FFI_EXEC_TRAMPOLINE_TABLE_TRUE=''
FGREP='/usr/bin/grep -F'
FILECMD='file'
GREP='/usr/bin/grep'
HAVE_LONG_DOUBLE='0'
HAVE_LONG_DOUBLE_VARIANT='0'
INSTALL_DATA='${INSTALL} -m 644'
INSTALL_PROGRAM='${INSTALL}'
INSTALL_SCRIPT='${INSTALL}'
INSTALL_STRIP_PROGRAM='$(install_sh) -c -s'
LD='ld'
LDFLAGS=''
LIBFFI_BUILD_VERSIONED_SHLIB_FALSE=''
LIBFFI_BUILD_VERSIONED_SHLIB_GNU_FALSE=''
LIBFFI_BUILD_VERSIONED_SHLIB_GNU_TRUE='#'
LIBFFI_BUILD_VERSIONED_SHLIB_SUN_FALSE=''
LIBFFI_BUILD_VERSIONED_SHLIB_SUN_TRUE='#'
LIBFFI_BUILD_VERSIONED_SHLIB_TRUE='#'
LIBOBJS=''
LIBS=''
LIBTOOL='$(SHELL) $(top_builddir)/libtool'
LIPO='lipo'
LN_S='ln -s'
LTLIBOBJS=''
LT_SYS_LIBRARY_PATH=''
MAINT='#'
MAINTAINER_MODE_FALSE=''
MAINTAINER_MODE_TRUE='#'
MAKEINFO='${SHELL} '\''/Users/vaishnav/Desktop/WallPics/vendor/bundle/ruby/2.7.0/gems/ffi-1.17.2/ext/ffi_c/libffi/missing'\'' makeinfo'
MANIFEST_TOOL=':'
MKDIR_P='/opt/homebrew/bin/gmkdir -p'
NM='nm'
NMEDIT='nmedit'
OBJDUMP='objdump'
OBJEXT='o'
OPT_LDFLAGS=''
OTOOL64=':'
OTOOL='otool'
PACKAGE='libffi'
PACKAGE_BUGREPORT='http://github.com/libffi/libffi/issues'
PACKAGE_NAME='libffi'
PACKAGE_STRING='libffi 3.4.8'
PACKAGE_TARNAME='libffi'
PACKAGE_URL=''
PACKAGE_VERSION='3.4.8'
PATH_SEPARATOR=':'
PRTDIAG=''
RANLIB='ranlib'
READELF=''
SECTION_LDFLAGS=''
SED='/usr/bin/sed'
SET_MAKE=''
SHELL='/bin/sh'
STRIP='strip'
TARGET='AARCH64'
TARGETDIR='aarch64'
TARGET_OBJ=' src/aarch64/ffi.lo src/aarch64/sysv.lo'
TESTSUBDIR_FALSE='#'
TESTSUBDIR_TRUE=''
VERSION='3.4.8'
ac_ct_AR='ar'
ac_ct_CC=''
ac_ct_CXX='g++'
ac_ct_DUMPBIN='link -dump'
ac_ct_READELF=''
am__EXEEXT_FALSE=''
am__EXEEXT_TRUE='#'
am__fastdepCCAS_FALSE=''
am__fastdepCCAS_TRUE='#'
am__fastdepCC_FALSE=''
am__fastdepCC_TRUE='#'
am__fastdepCXX_FALSE=''
am__fastdepCXX_TRUE='#'
am__include='include'
am__isrc=' -I$(srcdir)'
am__leading_dot='.'
am__nodep=''
am__quote=''
am__tar='$${TAR-tar} chof - "$$tardir"'
am__untar='$${TAR-tar} xf -'
ax_enable_builddir_sed='sed'
bindir='${exec_prefix}/bin'
build='aarch64-apple-darwin25.0.0'
build_alias=''
build_cpu='aarch64'
build_os='darwin25.0.0'
build_vendor='apple'
datadir='${datarootdir}'
datarootdir='${prefix}/share'
docdir='${datarootdir}/doc/${PACKAGE_TARNAME}'
dvidir='${docdir}'
exec_prefix='${prefix}'
host='aarch64-apple-darwin22'
host_alias='aarch64-apple-darwin22'
host_cpu='aarch64'
host_os='darwin22'
host_vendor='apple'
htmldir='${docdir}'
includedir='${prefix}/include'
infodir='${datarootdir}/info'
install_sh='${SHELL} /Users/vaishnav/Desktop/WallPics/vendor/bundle/ruby/2.7.0/gems/ffi-1.17.2/ext/ffi_c/libffi/install-sh'
libdir='${exec_prefix}/lib'
libexecdir='${exec_prefix}/libexec'
localedir='${datarootdir}/locale'
localstatedir='${prefix}/var'
mandir='${datarootdir}/man'
mkdir_p='$(MKDIR_P)'
oldincludedir='/usr/include'
pdfdir='${docdir}'
prefix='/usr/local'
program_transform_name='s,x,x,'
psdir='${docdir}'
runstatedir='${localstatedir}/run'
sbindir='${exec_prefix}/sbin'
sharedstatedir='${prefix}/com'
sys_symbol_underscore='yes'
sysconfdir='${prefix}/etc'
target='aarch64-apple-darwin22'
target_alias='aarch64-apple-darwin22'
target_cpu='aarch64'
target_os='darwin22'
target_vendor='apple'
tmake_file=''
toolexecdir='${libdir}/gcc-lib/$(target_alias)'
toolexeclibdir='${libdir}'

## ----------- ##
## confdefs.h. ##
## ----------- ##

/* confdefs.h */
#define PACKAGE_NAME "libffi"
#define PACKAGE_TARNAME "libffi"
#define PACKAGE_VERSION "3.4.8"
#define PACKAGE_STRING "libffi 3.4.8"
#define PACKAGE_BUGREPORT "http://github.com/libffi/libffi/issues"
#define PACKAGE_URL ""
#define PACKAGE "libffi"
#define VERSION "3.4.8"
#define HAVE_STDIO_H 1
#define HAVE_STDLIB_H 1
#define HAVE_STRING_H 1
#define HAVE_INTTYPES_H 1
#define HAVE_STDINT_H 1
#define HAVE_STRINGS_H 1
#define HAVE_SYS_STAT_H 1
#define HAVE_SYS_TYPES_H 1
#define HAVE_UNISTD_H 1
#define STDC_HEADERS 1
#define HAVE_DLFCN_H 1
#define LT_OBJDIR ".libs/"
#define SIZEOF_SIZE_T 8
#define HAVE_MEMCPY 1
#define HAVE_ALLOCA_H 1
#define SIZEOF_DOUBLE 8
#define SIZEOF_LONG_DOUBLE 8
#define HAVE_AS_CFI_PSEUDO_OP 1
#define SYMBOL_UNDERSCORE 1
#define FFI_EXEC_TRAMPOLINE_TABLE 1
#define HAVE_RO_EH_FRAME 1
#define EH_FRAME_FLAGS "a"
#define HAVE_HIDDEN_VISIBILITY_ATTRIBUTE 1

configure: exit 0
